Error al convertir: /mnt/R1/HDD500GB/5/TOP INDIE ARGENTINA 2025/La Casa de A - Marilina Bertoldi.mp3
Error al convertir: /mnt/R1/HDD500GB/5/TOP INDIE ARGENTINA 2025/A la Vez - Conociendo Rusia.mp3
Error al convertir: /mnt/R1/HDD500GB/5/TOP INDIE ARGENTINA 2025/Policia - 1915.mp3
Error al convertir: /mnt/R1/HDD500GB/5/TOP INDIE ARGENTINA 2025/Vamonos de Viaje - Bandalos Chinos.mp3
Error al convertir: /mnt/R1/HDD500GB/5/TOP INDIE ARGENTINA 2025/El Tesoro - El Mato a un Policia Motorizado.mp3
Error al convertir: /mnt/R1/HDD500GB/5/TOP INDIE ARGENTINA 2025/La Pibita - Gauchito Club Perras on the beach.mp3
Error al convertir: /mnt/R1/HDD500GB/5/TOP INDIE ARGENTINA 2025/Monoambiente en Capital - Zoe Gotusso Nico Cotton.mp3
Error al convertir: /mnt/R1/HDD500GB/5/TOP INDIE ARGENTINA 2025/Lunes Por La Madrugada - Ibiza Pareo.mp3
Error al convertir: /mnt/R1/HDD500GB/5/TOP INDIE ARGENTINA 2025/Kilometros - Ainda Bandalos Chinos.mp3
Error al convertir: /mnt/R1/HDD500GB/5/TOP INDIE ARGENTINA 2025/Maquina del Tiempo - Mi Amigo Invencible.mp3
Error al convertir: /mnt/R1/HDD500GB/5/TOP INDIE ARGENTINA 2025/Fingir - Venados.mp3
Error al convertir: /mnt/R1/HDD500GB/5/TOP INDIE ARGENTINA 2025/Chica de Oro - El Mato a un Policia Motorizado.mp3
Error al convertir: /mnt/R1/HDD500GB/5/TOP INDIE ARGENTINA 2025/Ya Me Hiciste Mal - Rayos Laser.mp3
Error al convertir: /mnt/R1/HDD500GB/5/TOP INDIE ARGENTINA 2025/Amigo - Venados.mp3
Error al convertir: /mnt/R1/HDD500GB/5/TOP INDIE ARGENTINA 2025/Hipster - Venados.mp3
Error al convertir: /mnt/R1/HDD500GB/5/TOP INDIE ARGENTINA 2025/Fluir - Hipnotica.mp3
Error al convertir: /mnt/R1/HDD500GB/5/TOP INDIE ARGENTINA 2025/Transparentes - LA LOU.mp3
Error al convertir: /mnt/R1/HDD500GB/5/TOP INDIE ARGENTINA 2025/Otra Oportunidad - Conociendo Rusia.mp3
Error al convertir: /mnt/R1/HDD500GB/5/TOP INDIE ARGENTINA 2025/Hechizao - Silvestre y La Naranja.mp3
Error al convertir: /mnt/R1/HDD500GB/5/TOP INDIE ARGENTINA 2025/Loco por Vos - Silvestre y La Naranja.mp3
Error al convertir: /mnt/R1/HDD500GB/5/TOP INDIE ARGENTINA 2025/Acto de Fe - Mi Amigo Invencible.mp3
Error al convertir: /mnt/R1/HDD500GB/5/TOP INDIE ARGENTINA 2025/Departamento - Bandalos Chinos Adanowsky.mp3
Error al convertir: /mnt/R1/HDD500GB/5/TOP INDIE ARGENTINA 2025/La Flor - Francisca y Los Exploradores.mp3
Error al convertir: /mnt/R1/HDD500GB/5/TOP INDIE ARGENTINA 2025/Oxido - Peces Raros.mp3
Error al convertir: /mnt/R1/HDD500GB/5/TOP INDIE ARGENTINA 2025/Agua Marfil - Usted Sealemelo.mp3
Error al convertir: /mnt/R1/HDD500GB/5/TOP INDIE ARGENTINA 2025/Tu Geografia - Indios.mp3
Error al convertir: /mnt/R1/HDD500GB/5/TOP INDIE ARGENTINA 2025/Sinoca - El Kuelgue.mp3
Error al convertir: /mnt/R1/HDD500GB/5/TOP INDIE ARGENTINA 2025/NO VA A BAJAR - WOS.mp3
Error al convertir: /mnt/R1/HDD500GB/5/TOP INDIE ARGENTINA 2025/Quise - Luca Bocci.mp3
Error al convertir: /mnt/R1/HDD500GB/5/TOP INDIE ARGENTINA 2025/Tu Encanto - Conociendo Rusia Fito Paez.mp3
Error al convertir: /mnt/R1/HDD500GB/5/TOP INDIE ARGENTINA 2025/City Pop - Venados.mp3
Error al convertir: /mnt/R1/HDD500GB/5/TOP INDIE ARGENTINA 2025/La Foto - Venados.mp3
Error al convertir: /mnt/R1/HDD500GB/5/TOP INDIE ARGENTINA 2025/Cris Morena - Venados.mp3
Error al convertir: /mnt/R1/HDD500GB/5/TOP INDIE ARGENTINA 2025/Mi Manera De Ser - Bandalos Chinos.mp3
Error al convertir: /mnt/R1/HDD500GB/5/TOP INDIE ARGENTINA 2025/Ella Dijo No - Emmanuel Horvilleur.mp3
Error al convertir: /mnt/R1/HDD500GB/5/TOP INDIE ARGENTINA 2025/A la Vez - Conociendo Rusia.mp3
Error al convertir: /mnt/R1/HDD500GB/5/TOP INDIE ARGENTINA 2025/Maquina del Tiempo - Mi Amigo Invencible.mp3
Error al convertir: /mnt/R1/HDD500GB/5/TOP INDIE ARGENTINA 2025/La Pibita - Gauchito Club Perras on the beach.mp3
Error al convertir: /mnt/R1/HDD500GB/5/TOP INDIE ARGENTINA 2025/El Tesoro - El Mato a un Policia Motorizado.mp3
Error al convertir: /mnt/R1/HDD500GB/5/TOP INDIE ARGENTINA 2025/Vamonos de Viaje - Bandalos Chinos.mp3
Error al convertir: /mnt/R1/HDD500GB/5/TOP INDIE ARGENTINA 2025/Ya Me Hiciste Mal - Rayos Laser.mp3
Error al convertir: /mnt/R1/HDD500GB/5/TOP INDIE ARGENTINA 2025/Fingir - Venados.mp3
Error al convertir: /mnt/R1/HDD500GB/5/TOP INDIE ARGENTINA 2025/Kilometros - Ainda Bandalos Chinos.mp3
Error al convertir: /mnt/R1/HDD500GB/5/TOP INDIE ARGENTINA 2025/Policia - 1915.mp3
Error al convertir: /mnt/R1/HDD500GB/5/TOP INDIE ARGENTINA 2025/La Casa de A - Marilina Bertoldi.mp3
Error al convertir: /mnt/R1/HDD500GB/5/TOP INDIE ARGENTINA 2025/Chica de Oro - El Mato a un Policia Motorizado.mp3
Error al convertir: /mnt/R1/HDD500GB/5/TOP INDIE ARGENTINA 2025/Monoambiente en Capital - Zoe Gotusso Nico Cotton.mp3
Error al convertir: /mnt/R1/HDD500GB/5/TOP INDIE ARGENTINA 2025/Lunes Por La Madrugada - Ibiza Pareo.mp3
Error al convertir: /mnt/R1/HDD500GB/5/TOP INDIE ARGENTINA 2025/Transparentes - LA LOU.mp3
Error al convertir: /mnt/R1/HDD500GB/5/TOP INDIE ARGENTINA 2025/Fluir - Hipnotica.mp3
Error al convertir: /mnt/R1/HDD500GB/5/TOP INDIE ARGENTINA 2025/Amigo - Venados.mp3
Error al convertir: /mnt/R1/HDD500GB/5/TOP INDIE ARGENTINA 2025/Otra Oportunidad - Conociendo Rusia.mp3
Error al convertir: /mnt/R1/HDD500GB/5/TOP INDIE ARGENTINA 2025/Hipster - Venados.mp3
Error al convertir: /mnt/R1/HDD500GB/5/TOP INDIE ARGENTINA 2025/Loco por Vos - Silvestre y La Naranja.mp3
Error al convertir: /mnt/R1/HDD500GB/5/TOP INDIE ARGENTINA 2025/Agua Marfil - Usted Sealemelo.mp3
Error al convertir: /mnt/R1/HDD500GB/5/TOP INDIE ARGENTINA 2025/La Flor - Francisca y Los Exploradores.mp3
Error al convertir: /mnt/R1/HDD500GB/5/TOP INDIE ARGENTINA 2025/Hechizao - Silvestre y La Naranja.mp3
Error al convertir: /mnt/R1/HDD500GB/5/TOP INDIE ARGENTINA 2025/Acto de Fe - Mi Amigo Invencible.mp3
Error al convertir: /mnt/R1/HDD500GB/5/TOP INDIE ARGENTINA 2025/Oxido - Peces Raros.mp3
Error al convertir: /mnt/R1/HDD500GB/5/TOP INDIE ARGENTINA 2025/Departamento - Bandalos Chinos Adanowsky.mp3
Error al convertir: /mnt/R1/HDD500GB/5/TOP INDIE ARGENTINA 2025/Sinoca - El Kuelgue.mp3
Error al convertir: /mnt/R1/HDD500GB/5/TOP INDIE ARGENTINA 2025/City Pop - Venados.mp3
Error al convertir: /mnt/R1/HDD500GB/5/TOP INDIE ARGENTINA 2025/NO VA A BAJAR - WOS.mp3
Error al convertir: /mnt/R1/HDD500GB/5/TOP INDIE ARGENTINA 2025/Mi Manera De Ser - Bandalos Chinos.mp3
Error al convertir: /mnt/R1/HDD500GB/5/TOP INDIE ARGENTINA 2025/Tu Geografia - Indios.mp3
Error al convertir: /mnt/R1/HDD500GB/5/TOP INDIE ARGENTINA 2025/Quise - Luca Bocci.mp3
Error al convertir: /mnt/R1/HDD500GB/5/TOP INDIE ARGENTINA 2025/La Foto - Venados.mp3
Error al convertir: /mnt/R1/HDD500GB/5/TOP INDIE ARGENTINA 2025/Tu Encanto - Conociendo Rusia Fito Paez.mp3
Error al convertir: /mnt/R1/HDD500GB/5/TOP INDIE ARGENTINA 2025/Sincero - Santi Celli.mp3
Error al convertir: /mnt/R1/HDD500GB/5/TOP INDIE ARGENTINA 2025/Ella Dijo No - Emmanuel Horvilleur.mp3
Error al convertir: /mnt/R1/HDD500GB/5/TOP INDIE ARGENTINA 2025/Trampas - Isla de Caras.mp3
Error al convertir: /mnt/R1/HDD500GB/5/TOP INDIE ARGENTINA 2025/Cris Morena - Venados.mp3
Error al convertir: /mnt/R1/HDD500GB/5/TOP INDIE ARGENTINA 2025/Decepciones - Banda de Turistas.mp3
Error al convertir: /mnt/R1/HDD500GB/5/TOP INDIE ARGENTINA 2025/El Momento Perfecto - El Zar.mp3
Error al convertir: /mnt/R1/HDD500GB/5/TOP INDIE ARGENTINA 2025/Superpoder - Zoe Gotusso.mp3
Error al convertir: /mnt/R1/HDD500GB/5/TOP INDIE ARGENTINA 2025/Perla - Luca Bocci.mp3
Error al convertir: /mnt/R1/HDD500GB/5/TOP INDIE ARGENTINA 2025/Ganas - Zoe Gotusso.mp3
Error al convertir: /mnt/R1/HDD500GB/5/TOP INDIE ARGENTINA 2025/Altamar - Venados.mp3
Error al convertir: /mnt/R1/HDD500GB/5/TOP INDIE ARGENTINA 2025/La Noche Eterna - El Mato a un Policia Motorizado.mp3
Error al convertir: /mnt/R1/HDD500GB/5/TOP INDIE ARGENTINA 2025/El Destino - Francisca y Los Exploradores Adrian Dargelos.mp3
Error al convertir: /mnt/R1/HDD500GB/5/TOP INDIE ARGENTINA 2025/Aguetas - Usted Sealemelo Javier Casalla.mp3
Error al convertir: /mnt/R1/HDD500GB/5/TOP INDIE ARGENTINA 2025/Playita - Silvestre y La Naranja.mp3
Error al convertir: /mnt/R1/HDD500GB/5/TOP INDIE ARGENTINA 2025/Despacio - Isla de Caras.mp3
Error al convertir: /mnt/R1/HDD500GB/5/TOP INDIE ARGENTINA 2025/Quiero Que Me Llames - Conociendo Rusia.mp3
Error al convertir: /mnt/R1/HDD500GB/5/TOP INDIE ARGENTINA 2025/Anubis - Babasonicos.mp3
Error al convertir: /mnt/R1/HDD500GB/5/TOP INDIE ARGENTINA 2025/Amor Loco - Emmanuel Horvilleur Zoe Gotusso.mp3
Error al convertir: /mnt/R1/HDD500GB/5/TOP INDIE ARGENTINA 2025/Parque Acuatico - El Kuelgue.mp3
Error al convertir: /mnt/R1/HDD500GB/5/TOP INDIE ARGENTINA 2025/El Mundo Extrao - El Mato a un Policia Motorizado.mp3
Error al convertir: /mnt/R1/HDD500GB/5/TOP INDIE ARGENTINA 2025/Lo Que Hoy Quieras - Koino Yokan.mp3
Error al convertir: /mnt/R1/HDD500GB/5/Musica Indie  Argentina /En Espiral - Lo Pibitos A.B.R.E. Amanda Querales.mp3
Error al convertir: /mnt/R1/HDD500GB/5/Musica Indie  Argentina /La Curva - El Kuelgue.mp3
Error al convertir: /mnt/R1/HDD500GB/5/Musica Indie  Argentina /Loco en el Desierto - Conociendo Rusia.mp3
Error al convertir: /mnt/R1/HDD500GB/5/Musica Indie  Argentina /Lowcost - Gauchito Club.mp3
Error al convertir: /mnt/R1/HDD500GB/5/Musica Indie  Argentina /El Tesoro - El Mato a un Policia Motorizado.mp3
Error al convertir: /mnt/R1/HDD500GB/5/Musica Indie  Argentina /Se Me Hizo Tarde - Conociendo Rusia.mp3
Error al convertir: /mnt/R1/HDD500GB/5/Musica Indie  Argentina /Anda Corriendo el Rumor - Lo Pibitos Emme.mp3
Error al convertir: /mnt/R1/HDD500GB/5/Musica Indie  Argentina /Vamonos De Viaje - Bandalos Chinos.mp3
Error al convertir: /mnt/R1/HDD500GB/5/Musica Indie  Argentina /Departamento - Bandalos Chinos Adanowsky.mp3
Error al convertir: /mnt/R1/HDD500GB/5/Musica Indie  Argentina /Ella Dijo No - Emmanuel Horvilleur.mp3
Error al convertir: /mnt/R1/HDD500GB/5/Musica Indie  Argentina /La Carta - NAFTA.mp3
Error al convertir: /mnt/R1/HDD500GB/5/Musica Indie  Argentina /El Compositor - Juan Ingaramo.mp3
Error al convertir: /mnt/R1/HDD500GB/5/Musica Indie  Argentina /Anubis - Babasonicos.mp3
Error al convertir: /mnt/R1/HDD500GB/5/Musica Indie  Argentina /Intensidad - Silvestre y La Naranja Goyo Degano.mp3
Error al convertir: /mnt/R1/HDD500GB/5/Musica Indie  Argentina /Ganas - Zoe Gotusso.mp3
Error al convertir: /mnt/R1/HDD500GB/5/Musica Indie  Argentina /Me Diste la Espalda - Koino Yokan.mp3
Error al convertir: /mnt/R1/HDD500GB/5/Musica Indie  Argentina /Tema de Susana - Bandalos Chinos.mp3
Error al convertir: /mnt/R1/HDD500GB/5/Musica Indie  Argentina /Lo Que Hoy Quieras - Koino Yokan.mp3
Error al convertir: /mnt/R1/HDD500GB/5/Musica Indie  Argentina /Nada Que Ver - Lo Pibitos De La Rivera A.B.R.E..mp3
Error al convertir: /mnt/R1/HDD500GB/5/Musica Indie  Argentina /Loco en el Desierto - Conociendo Rusia.mp3
Error al convertir: /mnt/R1/HDD500GB/5/Musica Indie  Argentina /Anda Corriendo el Rumor - Lo Pibitos Emme.mp3
Error al convertir: /mnt/R1/HDD500GB/5/Musica Indie  Argentina /Vamonos De Viaje - Bandalos Chinos.mp3
Error al convertir: /mnt/R1/HDD500GB/5/Musica Indie  Argentina /Departamento - Bandalos Chinos Adanowsky.mp3
Error al convertir: /mnt/R1/HDD500GB/5/Musica Indie  Argentina /Lowcost - Gauchito Club.mp3
Error al convertir: /mnt/R1/HDD500GB/5/Musica Indie  Argentina /Se Me Hizo Tarde - Conociendo Rusia.mp3
Error al convertir: /mnt/R1/HDD500GB/5/Musica Indie  Argentina /En Espiral - Lo Pibitos A.B.R.E. Amanda Querales.mp3
Error al convertir: /mnt/R1/HDD500GB/5/Musica Indie  Argentina /El Compositor - Juan Ingaramo.mp3
Error al convertir: /mnt/R1/HDD500GB/5/Musica Indie  Argentina /La Carta - NAFTA.mp3
Error al convertir: /mnt/R1/HDD500GB/5/Musica Indie  Argentina /El Tesoro - El Mato a un Policia Motorizado.mp3
Error al convertir: /mnt/R1/HDD500GB/5/Musica Indie  Argentina /Ella Dijo No - Emmanuel Horvilleur.mp3
Error al convertir: /mnt/R1/HDD500GB/5/Musica Indie  Argentina /La Curva - El Kuelgue.mp3
Error al convertir: /mnt/R1/HDD500GB/5/Musica Indie  Argentina /Me Diste la Espalda - Koino Yokan.mp3
Error al convertir: /mnt/R1/HDD500GB/5/Musica Indie  Argentina /Ganas - Zoe Gotusso.mp3
Error al convertir: /mnt/R1/HDD500GB/5/Musica Indie  Argentina /Anubis - Babasonicos.mp3
Error al convertir: /mnt/R1/HDD500GB/5/Musica Indie  Argentina /Intensidad - Silvestre y La Naranja Goyo Degano.mp3
Error al convertir: /mnt/R1/HDD500GB/5/Musica Indie  Argentina /Nada Que Ver - Lo Pibitos De La Rivera A.B.R.E..mp3
Error al convertir: /mnt/R1/HDD500GB/5/Musica Indie  Argentina /Lo Que Hoy Quieras - Koino Yokan.mp3
Error al convertir: /mnt/R1/HDD500GB/5/Musica Indie  Argentina /Tema de Susana - Bandalos Chinos.mp3
